Going to read 0 old index file(s)
Analysing residue names:
There are:   256    Protein residues
There are:   502      Other residues
There are: 28524      Water residues
There are:  1996        Ion residues
Analysing Protein...
Analysing residues not classified as Protein/DNA/RNA/Water and splitting into groups...
Analysing residues not classified as Protein/DNA/RNA/Water and splitting into groups...

  0 System              : 117880 atoms
  1 Protein             :  4208 atoms
  2 Protein-H           :  2056 atoms
  3 C-alpha             :   256 atoms
  4 Backbone            :   768 atoms
  5 MainChain           :  1032 atoms
  6 MainChain+Cb        :  1280 atoms
  7 MainChain+H         :  1288 atoms
  8 SideChain           :  2920 atoms
  9 SideChain-H         :  1024 atoms
 10 Prot-Masses         :  4208 atoms
 11 non-Protein         : 113672 atoms
 12 Other               : 26104 atoms
 13 POPC                : 26104 atoms
 14 K                   :   994 atoms
 15 CL                  :  1002 atoms
 16 Water               : 85572 atoms
 17 SOL                 : 85572 atoms
 18 non-Water           : 32308 atoms
 19 Ion                 :  1996 atoms
 20 POPC                : 26104 atoms
 21 K                   :   994 atoms
 22 CL                  :  1002 atoms
 23 Water_and_ions      : 87568 atoms

 nr : group       !   'name' nr name   'splitch' nr    Enter: list groups
 'a': atom        &   'del' nr         'splitres' nr   'l': list residues
 't': atom type   |   'keep' nr        'splitat' nr    'h': help
 'r': residue         'res' nr         'chain' char
 "name": group        'case': case sensitive           'q': save and quit
 'ri': residue index

> 
Read 117880 atoms
Volume: 1650.22 nm^3, corresponds to roughly 742600 electrons
No velocities found
Selected 1: 'Protein'
